<?xml version="1.0" encoding="UTF-8"?>
<testng-results ignored="0" total="1" passed="1" failed="0" skipped="0">
  <reporter-output>
  </reporter-output>
  <suite started-at="2022-07-03T13:05:25 IST" name="Default suite" finished-at="2022-07-03T13:05:33 IST" duration-ms="8121">
    <groups>
    </groups>
    <test started-at="2022-07-03T13:05:25 IST" name="Default test" finished-at="2022-07-03T13:05:33 IST" duration-ms="8121">
      <class name="com.asatest.Test">
        <test-method signature="test()[pri:0, instance:com.asatest.Test@1e6454ec]" started-at="2022-07-03T13:05:25 IST" name="test" finished-at="2022-07-03T13:05:33 IST" duration-ms="8071" status="PASS">
          <reporter-output>
          </reporter-output>
        </test-method> <!-- test -->
      </class> <!-- com.asatest.Test -->
    </test> <!-- Default test -->
  </suite> <!-- Default suite -->
</testng-results>
